Using pre-set license
Built from '2020.3/staging' branch; Version is '2020.3.5f1 (8095aa901b9b) revision 8426922'; Using compiler version '192528614'; Build Type 'Release'
OS: 'Windows 10 Home Single Language; OS build 22000.613; Version 2009; 64bit' Language: 'en' Physical Memory: 32677 MB
BatchMode: 1, IsHumanControllingUs: 0, StartBugReporterOnCrash: 0, Is64bit: 1, IsPro: 0

 COMMAND LINE ARGUMENTS:
C:\Program Files\Unity\Hub\Editor\2020.3.5f1\Editor\Unity.exe
-adb2
-batchMode
-noUpm
-name
AssetImportWorker0
-projectPath
C:/Users/samar/OneDrive/Ambiente de Trabalho/Work in progress/Game Development/Flappybird3.0
-logFile
Logs/AssetImportWorker0.log
-srvPort
55333
Successfully changed project path to: C:/Users/samar/OneDrive/Ambiente de Trabalho/Work in progress/Game Development/Flappybird3.0
C:/Users/samar/OneDrive/Ambiente de Trabalho/Work in progress/Game Development/Flappybird3.0
Using Asset Import Pipeline V2.
Refreshing native plugins compatible for Editor in 33.82 ms, found 1 plugins.
Preloading 0 native plugins for Editor in 0.00 ms.
Initialize engine version: 2020.3.5f1 (8095aa901b9b)
[Subsystems] Discovering subsystems at path C:/Program Files/Unity/Hub/Editor/2020.3.5f1/Editor/Data/Resources/UnitySubsystems
[Subsystems] Discovering subsystems at path C:/Users/samar/OneDrive/Ambiente de Trabalho/Work in progress/Game Development/Flappybird3.0/Assets
GfxDevice: creating device client; threaded=0
Direct3D:
    Version:  Direct3D 11.0 [level 11.1]
    Renderer: NVIDIA GeForce RTX 3080 (ID=0x2216)
    Vendor:   
    VRAM:     10077 MB
    Driver:   30.0.14.7212
Initialize mono
Mono path[0] = 'C:/Program Files/Unity/Hub/Editor/2020.3.5f1/Editor/Data/Managed'
Mono path[1] = 'C:/Program Files/Unity/Hub/Editor/2020.3.5f1/Editor/Data/MonoBleedingEdge/lib/mono/unityjit'
Mono config path = 'C:/Program Files/Unity/Hub/Editor/2020.3.5f1/Editor/Data/MonoBleedingEdge/etc'
Using monoOptions --debugger-agent=transport=dt_socket,embedding=1,server=y,suspend=n,address=127.0.0.1:56892
Begin MonoManager ReloadAssembly
Registering precompiled unity dll's ...
Register platform support module: C:/Program Files/Unity/Hub/Editor/2020.3.5f1/Editor/Data/PlaybackEngines/WindowsStandaloneSupport/UnityEditor.WindowsStandalone.Extensions.dll
Registered in 0.001313 seconds.
Native extension for WindowsStandalone target not found
Refreshing native plugins compatible for Editor in 35.35 ms, found 1 plugins.
Preloading 0 native plugins for Editor in 0.00 ms.
Mono: successfully reloaded assembly
- Completed reload, in  1.774 seconds
Platform modules already initialized, skipping
Registering precompiled user dll's ...
Registered in 0.002297 seconds.
Begin MonoManager ReloadAssembly
Native extension for WindowsStandalone target not found
Refreshing native plugins compatible for Editor in 0.55 ms, found 1 plugins.
Preloading 0 native plugins for Editor in 0.00 ms.
Mono: successfully reloaded assembly
- Completed reload, in  0.702 seconds
Platform modules already initialized, skipping
========================================================================
Worker process is ready to serve import requests
Launched and connected shader compiler UnityShaderCompiler.exe after 0.03 seconds
Refreshing native plugins compatible for Editor in 0.90 ms, found 1 plugins.
Preloading 0 native plugins for Editor in 0.00 ms.
Unloading 2035 Unused Serialized files (Serialized files now loaded: 0)
System memory in use before: 95.0 MB.
System memory in use after: 95.1 MB.

Unloading 24 unused Assets to reduce memory usage. Loaded Objects now: 2476.
Total: 2.520700 ms (FindLiveObjects: 0.290900 ms CreateObjectMapping: 0.047900 ms MarkObjects: 2.104100 ms  DeleteObjects: 0.076000 ms)

========================================================================
Received Import Request.
  path: Assets/Photon/PhotonUnityNetworking/Resources/PhotonServerSettings.asset
  artifactKey: Guid(d7323b833c101d347899cf8ac93565b0) Importer(815301076,1909f56bfc062723c751e8b465ee728b)
Start importing Assets/Photon/PhotonUnityNetworking/Resources/PhotonServerSettings.asset using Guid(d7323b833c101d347899cf8ac93565b0) Importer(815301076,1909f56bfc062723c751e8b465ee728b)  -> (artifact id: 'b87308c7df5ebf3f56f78258bb203519') in 0.026285 seconds
  Import took 0.029514 seconds .

========================================================================
Received Import Request.
  Time since last request: 0.002008 seconds.
  path: Assets/Photon/PhotonUnityNetworking/Resources/PhotonServerSettings.asset
  artifactKey: Guid(d7323b833c101d347899cf8ac93565b0) Importer(815301076,1909f56bfc062723c751e8b465ee728b)
Start importing Assets/Photon/PhotonUnityNetworking/Resources/PhotonServerSettings.asset using Guid(d7323b833c101d347899cf8ac93565b0) Importer(815301076,1909f56bfc062723c751e8b465ee728b)  -> (artifact id: 'b87308c7df5ebf3f56f78258bb203519') in 0.002253 seconds
  Import took 0.004515 seconds .

AssetImportWorkerClient::OnTransportError - code=2 error=End of file
